Copyright 1986-2022 Xilinx, Inc. All Rights Reserved. Copyright 2022-2024 Advanced Micro Devices, Inc. All Rights Reserved.
---------------------------------------------------------------------------------------------------------------------------------------------
| Tool Version : Vivado v.2024.1 (win64) Build 5076996 Wed May 22 18:37:14 MDT 2024
| Date         : Sat Apr 26 14:54:37 2025
| Host         : 5CD322B2FW running 64-bit major release  (build 9200)
| Command      : upgrade_ip
| Device       : xc7z020clg400-1
---------------------------------------------------------------------------------------------------------------------------------------------

Upgrade Log for IP 'design_1_SpeedSensor_IP_3_0'

1. Summary
----------

CAUTION (success, with warnings) in the upgrade of design_1_SpeedSensor_IP_3_0 (xilinx.com:user:SpeedSensor_IP:1.0) from (Rev. 5) to (Rev. 6)

After upgrade, an IP may have parameter and port differences compared to the original customization. Please review the parameters within the IP customization GUI to ensure proper functionality. Also, please review the updated IP instantiation template to ensure proper connectivity, and update your design if required.

2. Connection Warnings
----------------------

Detected external port differences while upgrading 'design_1_SpeedSensor_IP_3_0'. These changes may impact your design.


-Upgrade has removed port 'clk'

-Upgrade has removed port 'speed_sensor_D0'

-Upgrade has removed port 'speed_sensor_reset'

-Upgrade has added port 'clk_IP'

-Upgrade has added port 'distance_IP'

-Upgrade has added port 'speed_IP'

-Upgrade has added port 'speed_sensor_D0_IP'

-Upgrade has added port 'speed_sensor_reset_IP'







Copyright 1986-2022 Xilinx, Inc. All Rights Reserved. Copyright 2022-2024 Advanced Micro Devices, Inc. All Rights Reserved.
---------------------------------------------------------------------------------------------------------------------------------------------
| Tool Version : Vivado v.2024.1 (win64) Build 5076996 Wed May 22 18:37:14 MDT 2024
| Date         : Sat Apr 26 14:54:37 2025
| Host         : 5CD322B2FW running 64-bit major release  (build 9200)
| Command      : upgrade_ip
| Device       : xc7z020clg400-1
---------------------------------------------------------------------------------------------------------------------------------------------

Upgrade Log for IP 'design_1_SpeedSensor_IP_2_0'

1. Summary
----------

CAUTION (success, with warnings) in the upgrade of design_1_SpeedSensor_IP_2_0 (xilinx.com:user:SpeedSensor_IP:1.0) from (Rev. 5) to (Rev. 6)

After upgrade, an IP may have parameter and port differences compared to the original customization. Please review the parameters within the IP customization GUI to ensure proper functionality. Also, please review the updated IP instantiation template to ensure proper connectivity, and update your design if required.

2. Connection Warnings
----------------------

Detected external port differences while upgrading 'design_1_SpeedSensor_IP_2_0'. These changes may impact your design.


-Upgrade has removed port 'clk'

-Upgrade has removed port 'speed_sensor_D0'

-Upgrade has removed port 'speed_sensor_reset'

-Upgrade has added port 'clk_IP'

-Upgrade has added port 'distance_IP'

-Upgrade has added port 'speed_IP'

-Upgrade has added port 'speed_sensor_D0_IP'

-Upgrade has added port 'speed_sensor_reset_IP'







Copyright 1986-2022 Xilinx, Inc. All Rights Reserved. Copyright 2022-2024 Advanced Micro Devices, Inc. All Rights Reserved.
---------------------------------------------------------------------------------------------------------------------------------------------
| Tool Version : Vivado v.2024.1 (win64) Build 5076996 Wed May 22 18:37:14 MDT 2024
| Date         : Sat Apr 26 14:54:37 2025
| Host         : 5CD322B2FW running 64-bit major release  (build 9200)
| Command      : upgrade_ip
| Device       : xc7z020clg400-1
---------------------------------------------------------------------------------------------------------------------------------------------

Upgrade Log for IP 'design_1_SpeedSensor_IP_1_0'

1. Summary
----------

CAUTION (success, with warnings) in the upgrade of design_1_SpeedSensor_IP_1_0 (xilinx.com:user:SpeedSensor_IP:1.0) from (Rev. 5) to (Rev. 6)

After upgrade, an IP may have parameter and port differences compared to the original customization. Please review the parameters within the IP customization GUI to ensure proper functionality. Also, please review the updated IP instantiation template to ensure proper connectivity, and update your design if required.

2. Connection Warnings
----------------------

Detected external port differences while upgrading 'design_1_SpeedSensor_IP_1_0'. These changes may impact your design.


-Upgrade has removed port 'clk'

-Upgrade has removed port 'speed_sensor_D0'

-Upgrade has removed port 'speed_sensor_reset'

-Upgrade has added port 'clk_IP'

-Upgrade has added port 'distance_IP'

-Upgrade has added port 'speed_IP'

-Upgrade has added port 'speed_sensor_D0_IP'

-Upgrade has added port 'speed_sensor_reset_IP'







Copyright 1986-2022 Xilinx, Inc. All Rights Reserved. Copyright 2022-2024 Advanced Micro Devices, Inc. All Rights Reserved.
---------------------------------------------------------------------------------------------------------------------------------------------
| Tool Version : Vivado v.2024.1 (win64) Build 5076996 Wed May 22 18:37:14 MDT 2024
| Date         : Sat Apr 26 14:54:37 2025
| Host         : 5CD322B2FW running 64-bit major release  (build 9200)
| Command      : upgrade_ip
| Device       : xc7z020clg400-1
---------------------------------------------------------------------------------------------------------------------------------------------

Upgrade Log for IP 'design_1_SpeedSensor_IP_0_4'

1. Summary
----------

CAUTION (success, with warnings) in the upgrade of design_1_SpeedSensor_IP_0_4 (xilinx.com:user:SpeedSensor_IP:1.0) from (Rev. 5) to (Rev. 6)

After upgrade, an IP may have parameter and port differences compared to the original customization. Please review the parameters within the IP customization GUI to ensure proper functionality. Also, please review the updated IP instantiation template to ensure proper connectivity, and update your design if required.

2. Connection Warnings
----------------------

Detected external port differences while upgrading 'design_1_SpeedSensor_IP_0_4'. These changes may impact your design.


-Upgrade has removed port 'clk'

-Upgrade has removed port 'speed_sensor_D0'

-Upgrade has removed port 'speed_sensor_reset'

-Upgrade has added port 'clk_IP'

-Upgrade has added port 'distance_IP'

-Upgrade has added port 'speed_IP'

-Upgrade has added port 'speed_sensor_D0_IP'

-Upgrade has added port 'speed_sensor_reset_IP'







Copyright 1986-2022 Xilinx, Inc. All Rights Reserved. Copyright 2022-2024 Advanced Micro Devices, Inc. All Rights Reserved.
---------------------------------------------------------------------------------------------------------------------------------------------
| Tool Version : Vivado v.2024.1 (win64) Build 5076996 Wed May 22 18:37:14 MDT 2024
| Date         : Sat Apr 26 14:25:07 2025
| Host         : 5CD322B2FW running 64-bit major release  (build 9200)
| Command      : upgrade_ip
| Device       : xc7z020clg400-1
---------------------------------------------------------------------------------------------------------------------------------------------

Upgrade Log for IP 'design_1_SpeedSensor_IP_3_0'

1. Summary
----------

SUCCESS in the upgrade of design_1_SpeedSensor_IP_3_0 (xilinx.com:user:SpeedSensor_IP:1.0) from (Rev. 4) to (Rev. 5)






Copyright 1986-2022 Xilinx, Inc. All Rights Reserved. Copyright 2022-2024 Advanced Micro Devices, Inc. All Rights Reserved.
---------------------------------------------------------------------------------------------------------------------------------------------
| Tool Version : Vivado v.2024.1 (win64) Build 5076996 Wed May 22 18:37:14 MDT 2024
| Date         : Sat Apr 26 14:25:07 2025
| Host         : 5CD322B2FW running 64-bit major release  (build 9200)
| Command      : upgrade_ip
| Device       : xc7z020clg400-1
---------------------------------------------------------------------------------------------------------------------------------------------

Upgrade Log for IP 'design_1_SpeedSensor_IP_2_0'

1. Summary
----------

SUCCESS in the upgrade of design_1_SpeedSensor_IP_2_0 (xilinx.com:user:SpeedSensor_IP:1.0) from (Rev. 4) to (Rev. 5)






Copyright 1986-2022 Xilinx, Inc. All Rights Reserved. Copyright 2022-2024 Advanced Micro Devices, Inc. All Rights Reserved.
---------------------------------------------------------------------------------------------------------------------------------------------
| Tool Version : Vivado v.2024.1 (win64) Build 5076996 Wed May 22 18:37:14 MDT 2024
| Date         : Sat Apr 26 14:25:07 2025
| Host         : 5CD322B2FW running 64-bit major release  (build 9200)
| Command      : upgrade_ip
| Device       : xc7z020clg400-1
---------------------------------------------------------------------------------------------------------------------------------------------

Upgrade Log for IP 'design_1_SpeedSensor_IP_1_0'

1. Summary
----------

SUCCESS in the upgrade of design_1_SpeedSensor_IP_1_0 (xilinx.com:user:SpeedSensor_IP:1.0) from (Rev. 4) to (Rev. 5)






Copyright 1986-2022 Xilinx, Inc. All Rights Reserved. Copyright 2022-2024 Advanced Micro Devices, Inc. All Rights Reserved.
---------------------------------------------------------------------------------------------------------------------------------------------
| Tool Version : Vivado v.2024.1 (win64) Build 5076996 Wed May 22 18:37:14 MDT 2024
| Date         : Sat Apr 26 14:25:07 2025
| Host         : 5CD322B2FW running 64-bit major release  (build 9200)
| Command      : upgrade_ip
| Device       : xc7z020clg400-1
---------------------------------------------------------------------------------------------------------------------------------------------

Upgrade Log for IP 'design_1_SpeedSensor_IP_0_4'

1. Summary
----------

SUCCESS in the upgrade of design_1_SpeedSensor_IP_0_4 (xilinx.com:user:SpeedSensor_IP:1.0) from (Rev. 4) to (Rev. 5)






Copyright 1986-2022 Xilinx, Inc. All Rights Reserved. Copyright 2022-2024 Advanced Micro Devices, Inc. All Rights Reserved.
---------------------------------------------------------------------------------------------------------------------------------------------
| Tool Version : Vivado v.2024.1 (win64) Build 5076996 Wed May 22 18:37:14 MDT 2024
| Date         : Sat Apr 26 14:19:50 2025
| Host         : 5CD322B2FW running 64-bit major release  (build 9200)
| Command      : upgrade_ip
| Device       : xc7z020clg400-1
---------------------------------------------------------------------------------------------------------------------------------------------

Upgrade Log for IP 'design_1_SpeedSensor_IP_3_0'

1. Summary
----------

SUCCESS in the upgrade of design_1_SpeedSensor_IP_3_0 (xilinx.com:user:SpeedSensor_IP:1.0) from (Rev. 3) to (Rev. 4)






Copyright 1986-2022 Xilinx, Inc. All Rights Reserved. Copyright 2022-2024 Advanced Micro Devices, Inc. All Rights Reserved.
---------------------------------------------------------------------------------------------------------------------------------------------
| Tool Version : Vivado v.2024.1 (win64) Build 5076996 Wed May 22 18:37:14 MDT 2024
| Date         : Sat Apr 26 14:19:50 2025
| Host         : 5CD322B2FW running 64-bit major release  (build 9200)
| Command      : upgrade_ip
| Device       : xc7z020clg400-1
---------------------------------------------------------------------------------------------------------------------------------------------

Upgrade Log for IP 'design_1_SpeedSensor_IP_2_0'

1. Summary
----------

SUCCESS in the upgrade of design_1_SpeedSensor_IP_2_0 (xilinx.com:user:SpeedSensor_IP:1.0) from (Rev. 3) to (Rev. 4)






Copyright 1986-2022 Xilinx, Inc. All Rights Reserved. Copyright 2022-2024 Advanced Micro Devices, Inc. All Rights Reserved.
---------------------------------------------------------------------------------------------------------------------------------------------
| Tool Version : Vivado v.2024.1 (win64) Build 5076996 Wed May 22 18:37:14 MDT 2024
| Date         : Sat Apr 26 14:19:50 2025
| Host         : 5CD322B2FW running 64-bit major release  (build 9200)
| Command      : upgrade_ip
| Device       : xc7z020clg400-1
---------------------------------------------------------------------------------------------------------------------------------------------

Upgrade Log for IP 'design_1_SpeedSensor_IP_1_0'

1. Summary
----------

SUCCESS in the upgrade of design_1_SpeedSensor_IP_1_0 (xilinx.com:user:SpeedSensor_IP:1.0) from (Rev. 3) to (Rev. 4)






Copyright 1986-2022 Xilinx, Inc. All Rights Reserved. Copyright 2022-2024 Advanced Micro Devices, Inc. All Rights Reserved.
---------------------------------------------------------------------------------------------------------------------------------------------
| Tool Version : Vivado v.2024.1 (win64) Build 5076996 Wed May 22 18:37:14 MDT 2024
| Date         : Sat Apr 26 14:19:50 2025
| Host         : 5CD322B2FW running 64-bit major release  (build 9200)
| Command      : upgrade_ip
| Device       : xc7z020clg400-1
---------------------------------------------------------------------------------------------------------------------------------------------

Upgrade Log for IP 'design_1_SpeedSensor_IP_0_4'

1. Summary
----------

SUCCESS in the upgrade of design_1_SpeedSensor_IP_0_4 (xilinx.com:user:SpeedSensor_IP:1.0) from (Rev. 3) to (Rev. 4)






Copyright 1986-2022 Xilinx, Inc. All Rights Reserved. Copyright 2022-2024 Advanced Micro Devices, Inc. All Rights Reserved.
---------------------------------------------------------------------------------------------------------------------------------------------
| Tool Version : Vivado v.2024.1 (win64) Build 5076996 Wed May 22 18:37:14 MDT 2024
| Date         : Sat Apr 26 13:48:55 2025
| Host         : 5CD322B2FW running 64-bit major release  (build 9200)
| Command      : upgrade_ip
| Device       : xc7z020clg400-1
---------------------------------------------------------------------------------------------------------------------------------------------

Upgrade Log for IP 'design_1_SpeedSensor_IP_3_0'

1. Summary
----------

SUCCESS in the upgrade of design_1_SpeedSensor_IP_3_0 (xilinx.com:user:SpeedSensor_IP:1.0) from (Rev. 2) to (Rev. 3)






Copyright 1986-2022 Xilinx, Inc. All Rights Reserved. Copyright 2022-2024 Advanced Micro Devices, Inc. All Rights Reserved.
---------------------------------------------------------------------------------------------------------------------------------------------
| Tool Version : Vivado v.2024.1 (win64) Build 5076996 Wed May 22 18:37:14 MDT 2024
| Date         : Sat Apr 26 13:48:55 2025
| Host         : 5CD322B2FW running 64-bit major release  (build 9200)
| Command      : upgrade_ip
| Device       : xc7z020clg400-1
---------------------------------------------------------------------------------------------------------------------------------------------

Upgrade Log for IP 'design_1_SpeedSensor_IP_2_0'

1. Summary
----------

SUCCESS in the upgrade of design_1_SpeedSensor_IP_2_0 (xilinx.com:user:SpeedSensor_IP:1.0) from (Rev. 2) to (Rev. 3)






Copyright 1986-2022 Xilinx, Inc. All Rights Reserved. Copyright 2022-2024 Advanced Micro Devices, Inc. All Rights Reserved.
---------------------------------------------------------------------------------------------------------------------------------------------
| Tool Version : Vivado v.2024.1 (win64) Build 5076996 Wed May 22 18:37:14 MDT 2024
| Date         : Sat Apr 26 13:48:55 2025
| Host         : 5CD322B2FW running 64-bit major release  (build 9200)
| Command      : upgrade_ip
| Device       : xc7z020clg400-1
---------------------------------------------------------------------------------------------------------------------------------------------

Upgrade Log for IP 'design_1_SpeedSensor_IP_1_0'

1. Summary
----------

SUCCESS in the upgrade of design_1_SpeedSensor_IP_1_0 (xilinx.com:user:SpeedSensor_IP:1.0) from (Rev. 2) to (Rev. 3)






Copyright 1986-2022 Xilinx, Inc. All Rights Reserved. Copyright 2022-2024 Advanced Micro Devices, Inc. All Rights Reserved.
---------------------------------------------------------------------------------------------------------------------------------------------
| Tool Version : Vivado v.2024.1 (win64) Build 5076996 Wed May 22 18:37:14 MDT 2024
| Date         : Sat Apr 26 13:48:55 2025
| Host         : 5CD322B2FW running 64-bit major release  (build 9200)
| Command      : upgrade_ip
| Device       : xc7z020clg400-1
---------------------------------------------------------------------------------------------------------------------------------------------

Upgrade Log for IP 'design_1_SpeedSensor_IP_0_4'

1. Summary
----------

SUCCESS in the upgrade of design_1_SpeedSensor_IP_0_4 (xilinx.com:user:SpeedSensor_IP:1.0) from (Rev. 2) to (Rev. 3)

